#
# There is insufficient memory for the Java Runtime Environment to continue.
# Native memory allocation (malloc) failed to allocate 1657232 bytes. Error detail: Chunk::new
# Possible reasons:
#   The system is out of physical RAM or swap space
#   This process is running with CompressedOops enabled, and the Java Heap may be blocking the growth of the native heap
# Possible solutions:
#   Reduce memory load on the system
#   Increase physical memory or swap space
#   Check if swap backing store is full
#   Decrease Java heap size (-Xmx/-Xms)
#   Decrease number of Java threads
#   Decrease Java thread stack sizes (-Xss)
#   Set larger code cache with -XX:ReservedCodeCacheSize=
#   JVM is running with Unscaled Compressed Oops mode in which the Java heap is
#     placed in the first 4GB address space. The Java Heap base address is the
#     maximum limit for the native heap growth. Please use -XX:HeapBaseMinAddress
#     to set the Java Heap base and to place the Java Heap above 4GB virtual address.
# This output file may be truncated or incomplete.
#
#  Out of Memory Error (arena.cpp:168), pid=10052, tid=18280
#
# JRE version: OpenJDK Runtime Environment Temurin-21.0.10+7 (21.0.10+7) (build 21.0.10+7-LTS)
# Java VM: OpenJDK 64-Bit Server VM Temurin-21.0.10+7 (21.0.10+7-LTS, mixed mode, sharing, tiered, compressed oops, compressed class ptrs, parallel gc, windows-amd64)
# No core dump will be written. Minidumps are not enabled by default on client versions of Windows
#

---------------  S U M M A R Y ------------

Command Line: --add-modules=ALL-SYSTEM --add-opens=java.base/java.util=ALL-UNNAMED --add-opens=java.base/java.lang=ALL-UNNAMED --add-opens=java.base/sun.nio.fs=ALL-UNNAMED -Declipse.application=org.eclipse.jdt.ls.core.id1 -Dosgi.bundles.defaultStartLevel=4 -Declipse.product=org.eclipse.jdt.ls.core.product -Djava.import.generatesMetadataFilesAtProjectRoot=false -DDetectVMInstallationsJob.disabled=true -Dfile.encoding=utf8 -XX:+UseParallelGC -XX:GCTimeRatio=4 -XX:AdaptiveSizePolicyWeight=90 -Dsun.zip.disableMemoryMapping=true -Xmx2G -Xms100m -Xlog:disable -javaagent:c:\Users\thoma\.vscode\extensions\redhat.java-1.54.0-win32-x64\lombok\lombok-1.18.39-4050.jar -XX:+HeapDumpOnOutOfMemoryError -XX:HeapDumpPath=c:\Users\thoma\AppData\Roaming\Code\User\workspaceStorage\15b89bb5f5f21af3b8bd2fdc59b2e550\redhat.java -Daether.dependencyCollector.impl=bf c:\Users\thoma\.vscode\extensions\redhat.java-1.54.0-win32-x64\server\plugins\org.eclipse.equinox.launcher_1.7.100.v20251111-0406.jar -configuration c:\Users\thoma\AppData\Roaming\Code\User\globalStorage\redhat.java\1.54.0\config_win -data c:\Users\thoma\AppData\Roaming\Code\User\workspaceStorage\15b89bb5f5f21af3b8bd2fdc59b2e550\redhat.java\jdt_ws --pipe=\\.\pipe\lsp-c47baf2f372ad6493adb72699cd18c87-sock

Host: 13th Gen Intel(R) Core(TM) i9-13900H, 20 cores, 15G,  Windows 11 , 64 bit Build 26100 (10.0.26100.8246)
Time: Mon Apr 20 20:42:59 2026 Hora est. Pac璗ico, Sudam廨ica elapsed time: 5.856982 seconds (0d 0h 0m 5s)

---------------  T H R E A D  ---------------

Current thread (0x000001717b5bc1d0):  JavaThread "C2 CompilerThread2" daemon [_thread_in_native, id=18280, stack(0x0000002fdcf00000,0x0000002fdd000000) (1024K)]


Current CompileTask:
C2:5857 3371       4       java.lang.invoke.MethodType::makeImpl (109 bytes)

Stack: [0x0000002fdcf00000,0x0000002fdd000000]
Native frames: (J=compiled Java code, j=interpreted, Vv=VM code, C=native code)
V  [jvm.dll+0x6d7a39]
V  [jvm.dll+0x8b4b26]
V  [jvm.dll+0x8b70de]
V  [jvm.dll+0x8b77c3]
V  [jvm.dll+0x284346]
V  [jvm.dll+0xc66ed]
V  [jvm.dll+0xc6c31]
V  [jvm.dll+0x3bec3b]
V  [jvm.dll+0x38b162]
V  [jvm.dll+0x38a5aa]
V  [jvm.dll+0x24c560]
V  [jvm.dll+0x24bb40]
V  [jvm.dll+0x1cb34e]
V  [jvm.dll+0x25b85d]
V  [jvm.dll+0x259dea]
V  [jvm.dll+0x3f857e]
V  [jvm.dll+0x85f59d]
V  [jvm.dll+0x6d626d]
C  [ucrtbase.dll+0x37b0]
C  [KERNEL32.DLL+0x2e8d7]
C  [ntdll.dll+0x8c3fc]


---------------  P R O C E S S  ---------------

Threads class SMR info:
_java_thread_list=0x000001715b97a620, length=25, elements={
0x000001717b4febc0, 0x000001717b4ae910, 0x000001717b5a2480, 0x000001717b5a5350,
0x000001717b5a6230, 0x000001717b5ac460, 0x000001717b5b03b0, 0x000001717b5b5aa0,
0x000001717b5bd640, 0x000001717b5bdd10, 0x000001717b5be3e0, 0x00000171561e2ca0,
0x0000017156344e60, 0x000001715b1ccf00, 0x000001715b344f80, 0x000001715b2d0da0,
0x000001715b2d1ff0, 0x000001715b7cca70, 0x000001715bac4a00, 0x000001717b5bad60,
0x000001717b5bc1d0, 0x000001715bc2e700, 0x000001715b3c71e0, 0x000001715b3c57a0,
0x000001715b3c5110
}

Java Threads: ( => current thread )
  0x000001717b4febc0 JavaThread "main"                              [_thread_blocked, id=6976, stack(0x0000002fdbd00000,0x0000002fdbe00000) (1024K)]
  0x000001717b4ae910 JavaThread "Reference Handler"          daemon [_thread_blocked, id=34652, stack(0x0000002fdc100000,0x0000002fdc200000) (1024K)]
  0x000001717b5a2480 JavaThread "Finalizer"                  daemon [_thread_blocked, id=10516, stack(0x0000002fdc200000,0x0000002fdc300000) (1024K)]
  0x000001717b5a5350 JavaThread "Signal Dispatcher"          daemon [_thread_blocked, id=10700, stack(0x0000002fdc300000,0x0000002fdc400000) (1024K)]
  0x000001717b5a6230 JavaThread "Attach Listener"            daemon [_thread_blocked, id=6240, stack(0x0000002fdc400000,0x0000002fdc500000) (1024K)]
  0x000001717b5ac460 JavaThread "Service Thread"             daemon [_thread_blocked, id=4544, stack(0x0000002fdc500000,0x0000002fdc600000) (1024K)]
  0x000001717b5b03b0 JavaThread "Monitor Deflation Thread"   daemon [_thread_blocked, id=21976, stack(0x0000002fdc600000,0x0000002fdc700000) (1024K)]
  0x000001717b5b5aa0 JavaThread "C2 CompilerThread0"         daemon [_thread_blocked, id=31664, stack(0x0000002fdc700000,0x0000002fdc800000) (1024K)]
  0x000001717b5bd640 JavaThread "C1 CompilerThread0"         daemon [_thread_blocked, id=16416, stack(0x0000002fdc800000,0x0000002fdc900000) (1024K)]
  0x000001717b5bdd10 JavaThread "C1 CompilerThread1"         daemon [_thread_blocked, id=36492, stack(0x0000002fdc900000,0x0000002fdca00000) (1024K)]
  0x000001717b5be3e0 JavaThread "C1 CompilerThread2"         daemon [_thread_blocked, id=31480, stack(0x0000002fdca00000,0x0000002fdcb00000) (1024K)]
  0x00000171561e2ca0 JavaThread "Common-Cleaner"             daemon [_thread_blocked, id=2808, stack(0x0000002fdcc00000,0x0000002fdcd00000) (1024K)]
  0x0000017156344e60 JavaThread "Notification Thread"        daemon [_thread_blocked, id=14076, stack(0x0000002fdce00000,0x0000002fdcf00000) (1024K)]
  0x000001715b1ccf00 JavaThread "Active Thread: Equinox Container: fbdb960b-7374-483d-b9f3-4cf92e29c9c8"        [_thread_blocked, id=32592, stack(0x0000002fdd800000,0x0000002fdd900000) (1024K)]
  0x000001715b344f80 JavaThread "Refresh Thread: Equinox Container: fbdb960b-7374-483d-b9f3-4cf92e29c9c8" daemon [_thread_blocked, id=13812, stack(0x0000002fdda00000,0x0000002fddb00000) (1024K)]
  0x000001715b2d0da0 JavaThread "Framework Event Dispatcher: Equinox Container: fbdb960b-7374-483d-b9f3-4cf92e29c9c8" daemon [_thread_blocked, id=22480, stack(0x0000002fddb00000,0x0000002fddc00000) (1024K)]
  0x000001715b2d1ff0 JavaThread "Start Level: Equinox Container: fbdb960b-7374-483d-b9f3-4cf92e29c9c8" daemon [_thread_in_vm, id=2732, stack(0x0000002fddc00000,0x0000002fddd00000) (1024K)]
  0x000001715b7cca70 JavaThread "Bundle File Closer"         daemon [_thread_blocked, id=40716, stack(0x0000002fddf00000,0x0000002fde000000) (1024K)]
  0x000001715bac4a00 JavaThread "SCR Component Actor"        daemon [_thread_blocked, id=15808, stack(0x0000002fdcb00000,0x0000002fdcc00000) (1024K)]
  0x000001717b5bad60 JavaThread "C2 CompilerThread1"         daemon [_thread_blocked, id=7636, stack(0x0000002fdcd00000,0x0000002fdce00000) (1024K)]
=>0x000001717b5bc1d0 JavaThread "C2 CompilerThread2"         daemon [_thread_in_native, id=18280, stack(0x0000002fdcf00000,0x0000002fdd000000) (1024K)]
  0x000001715bc2e700 JavaThread "Worker-JM"                         [_thread_blocked, id=14200, stack(0x0000002fde100000,0x0000002fde200000) (1024K)]
  0x000001715b3c71e0 JavaThread "JNA Cleaner"                daemon [_thread_blocked, id=37480, stack(0x0000002fde400000,0x0000002fde500000) (1024K)]
  0x000001715b3c57a0 JavaThread "Worker-0: Checking project encoding"        [_thread_blocked, id=24424, stack(0x0000002fde500000,0x0000002fde600000) (1024K)]
  0x000001715b3c5110 JavaThread "Worker-1"                          [_thread_blocked, id=6864, stack(0x0000002fdd600000,0x0000002fdd700000) (1024K)]
Total: 25

Other Threads:
  0x00000171542e68e0 VMThread "VM Thread"                           [id=33616, stack(0x0000002fdc000000,0x0000002fdc100000) (1024K)]
  0x000001717b38c8d0 WatcherThread "VM Periodic Task Thread"        [id=28264, stack(0x0000002fdbf00000,0x0000002fdc000000) (1024K)]
  0x000001717b51db70 WorkerThread "GC Thread#0"                     [id=15984, stack(0x0000002fdbe00000,0x0000002fdbf00000) (1024K)]
  0x000001715b01fc80 WorkerThread "GC Thread#1"                     [id=19724, stack(0x0000002fdd000000,0x0000002fdd100000) (1024K)]
  0x00000171568efe40 WorkerThread "GC Thread#2"                     [id=40652, stack(0x0000002fdd100000,0x0000002fdd200000) (1024K)]
  0x00000171568f01f0 WorkerThread "GC Thread#3"                     [id=38812, stack(0x0000002fdd200000,0x0000002fdd300000) (1024K)]
  0x00000171568f05a0 WorkerThread "GC Thread#4"                     [id=26788, stack(0x0000002fdd300000,0x0000002fdd400000) (1024K)]
  0x00000171568f0950 WorkerThread "GC Thread#5"                     [id=25484, stack(0x0000002fdd400000,0x0000002fdd500000) (1024K)]
  0x000001715b0f5800 WorkerThread "GC Thread#6"                     [id=40876, stack(0x0000002fdd500000,0x0000002fdd600000) (1024K)]
  0x000001715b3862c0 WorkerThread "GC Thread#7"                     [id=38788, stack(0x0000002fdd900000,0x0000002fdda00000) (1024K)]
  0x000001715b7128b0 WorkerThread "GC Thread#8"                     [id=3136, stack(0x0000002fdd700000,0x0000002fdd800000) (1024K)]
  0x000001715ba634d0 WorkerThread "GC Thread#9"                     [id=8284, stack(0x0000002fddd00000,0x0000002fdde00000) (1024K)]
  0x000001715ba63880 WorkerThread "GC Thread#10"                    [id=32776, stack(0x0000002fdde00000,0x0000002fddf00000) (1024K)]
  0x000001715b9d38a0 WorkerThread "GC Thread#11"                    [id=26932, stack(0x0000002fde200000,0x0000002fde300000) (1024K)]
  0x000001715b9d29e0 WorkerThread "GC Thread#12"                    [id=28412, stack(0x0000002fde300000,0x0000002fde400000) (1024K)]
Total: 15

Threads with active compile tasks:
C2 CompilerThread2  5868 3371       4       java.lang.invoke.MethodType::makeImpl (109 bytes)
Total: 1

VM state: not at safepoint (normal execution)

VM Mutex/Monitor currently owned by a thread: None

Heap address: 0x0000000080000000, size: 2048 MB, Compressed Oops mode: 32-bit

CDS archive(s) mapped at: [0x0000017113000000-0x0000017113ba0000-0x0000017113ba0000), size 12189696, SharedBaseAddress: 0x0000017113000000, ArchiveRelocationMode: 1.
Compressed class space mapped at: 0x0000017114000000-0x0000017154000000, reserved size: 1073741824
Narrow klass base: 0x0000017113000000, Narrow klass shift: 0, Narrow klass range: 0x100000000

GC Precious Log:
 CardTable entry size: 512
 CPUs: 20 total, 20 available
 Memory: 16013M
 Large Page Support: Disabled
 NUMA Support: Disabled
 Compressed Oops: Enabled (32-bit)
 Alignments: Space 512K, Generation 512K, Heap 2M
 Heap Min Capacity: 100M
 Heap Initial Capacity: 100M
 Heap Max Capacity: 2G
 Pre-touch: Disabled
 Parallel Workers: 15

Heap:
 PSYoungGen      total 29184K, used 20299K [0x00000000d5580000, 0x00000000d7900000, 0x0000000100000000)
  eden space 25088K, 64% used [0x00000000d5580000,0x00000000d65581c0,0x00000000d6e00000)
  from space 4096K, 99% used [0x00000000d6e80000,0x00000000d727ab60,0x00000000d7280000)
  to   space 5632K, 0% used [0x00000000d7380000,0x00000000d7380000,0x00000000d7900000)
 ParOldGen       total 68608K, used 7716K [0x0000000080000000, 0x0000000084300000, 0x00000000d5580000)
  object space 68608K, 11% used [0x0000000080000000,0x00000000807891b0,0x0000000084300000)
 Metaspace       used 17810K, committed 18496K, reserved 1114112K
  class space    used 1857K, committed 2176K, reserved 1048576K

Card table byte_map: [0x000001717aea0000,0x000001717b2b0000] _byte_map_base: 0x000001717aaa0000

Marking Bits: (ParMarkBitMap*) 0x00007ff8d3a33450
 Begin Bits: [0x000001710f000000, 0x0000017111000000)
 End Bits:   [0x0000017111000000, 0x0000017113000000)

Polling page: 0x0000017179390000

Metaspace:

Usage:
  Non-class:     15.58 MB used.
      Class:      1.81 MB used.
       Both:     17.40 MB used.

Virtual space:
  Non-class space:       64.00 MB reserved,      15.94 MB ( 25%) committed,  1 nodes.
      Class space:        1.00 GB reserved,       2.12 MB ( <1%) committed,  1 nodes.
             Both:        1.06 GB reserved,      18.06 MB (  2%) committed. 

Chunk freelists:
   Non-Class:  15.38 MB
       Class:  13.85 MB
        Both:  29.23 MB

MaxMetaspaceSize: unlimited
CompressedClassSpaceSize: 1.00 GB
Initial GC threshold: 21.00 MB
Current GC threshold: 21.00 MB
CDS: on
 - commit_granule_bytes: 65536.
 - commit_granule_words: 8192.
 - virtual_space_node_default_size: 8388608.
 - enlarge_chunks_in_place: 1.
 - use_allocation_guard: 0.


Internal statistics:

num_allocs_failed_limit: 0.
num_arena_births: 552.
num_arena_deaths: 0.
num_vsnodes_births: 2.
num_vsnodes_deaths: 0.
num_space_committed: 289.
num_space_uncommitted: 0.
num_chunks_returned_to_freelist: 0.
num_chunks_taken_from_freelist: 1197.
num_chunk_merges: 0.
num_chunk_splits: 765.
num_chunks_enlarged: 504.
num_inconsistent_stats: 0.

CodeHeap 'non-profiled nmethods': size=119168Kb used=1478Kb max_used=1478Kb free=117689Kb
 bounds [0x0000017107ba0000, 0x0000017107e10000, 0x000001710f000000]
CodeHeap 'profiled nmethods': size=119104Kb used=7086Kb max_used=7086Kb free=112017Kb
 bounds [0x0000017100000000, 0x00000171006f0000, 0x0000017107450000]
CodeHeap 'non-nmethods': size=7488Kb used=2403Kb max_used=2958Kb free=5084Kb
 bounds [0x0000017107450000, 0x0000017107740000, 0x0000017107ba0000]
CodeCache: size=245760Kb, used=10967Kb, max_used=11522Kb, free=234790Kb
 total_blobs=4022, nmethods=3467, adapters=459, full_count=0
Compilation: enabled, stopped_count=0, restarted_count=0

Compilation events (20 events):
Event: 4.831 Thread 0x000001717b5be3e0 3453       3       java.lang.invoke.InvokerBytecodeGenerator::<init> (80 bytes)
Event: 4.832 Thread 0x000001717b5bdd10 3454       3       java.lang.invoke.BoundMethodHandle::rebind (14 bytes)
Event: 4.832 Thread 0x000001717b5bd640 3455       3       java.lang.invoke.BoundMethodHandle::tooComplex (27 bytes)
Event: 4.832 Thread 0x000001717b5bdd10 nmethod 3454 0x00000171006e4410 code [0x00000171006e4620, 0x00000171006e4b68]
Event: 4.832 Thread 0x000001717b5be3e0 nmethod 3453 0x00000171006e4d90 code [0x00000171006e4f60, 0x00000171006e52f8]
Event: 4.832 Thread 0x000001717b5bdd10 3456       3       java.lang.invoke.BoundMethodHandle::fieldCount (8 bytes)
Event: 4.832 Thread 0x000001717b5be3e0 3457       3       java.lang.invoke.LambdaForm::expressionCount (11 bytes)
Event: 4.832 Thread 0x000001717b5bd640 nmethod 3455 0x00000171006e5590 code [0x00000171006e5780, 0x00000171006e5bd8]
Event: 4.832 Thread 0x000001717b5bdd10 nmethod 3456 0x00000171006e5d90 code [0x00000171006e5f60, 0x00000171006e6250]
Event: 4.832 Thread 0x000001717b5be3e0 nmethod 3457 0x00000171006e6390 code [0x00000171006e6520, 0x00000171006e6638]
Event: 4.833 Thread 0x000001717b5be3e0 3462       3       java.lang.invoke.LambdaFormBuffer::insertName (106 bytes)
Event: 4.833 Thread 0x000001717b5be3e0 nmethod 3462 0x00000171006e6710 code [0x00000171006e68e0, 0x00000171006e6b08]
Event: 4.834 Thread 0x000001717b5be3e0 3463       3       jdk.internal.org.objectweb.asm.Type::getSort (19 bytes)
Event: 4.834 Thread 0x000001717b5be3e0 nmethod 3463 0x00000171006e6c10 code [0x00000171006e6da0, 0x00000171006e6ef0]
Event: 4.834 Thread 0x000001717b5be3e0 3466       3       jdk.internal.org.objectweb.asm.SymbolTable::addConstant (330 bytes)
Event: 4.835 Thread 0x000001717b5bd640 3469       3       jdk.internal.org.objectweb.asm.Type::getType (10 bytes)
Event: 4.835 Thread 0x000001717b5bd640 nmethod 3469 0x00000171006e6f90 code [0x00000171006e7160, 0x00000171006e7390]
Event: 4.836 Thread 0x000001717b5be3e0 nmethod 3466 0x00000171006e7510 code [0x00000171006e7a80, 0x00000171006eaa70]
Event: 4.843 Thread 0x000001717b5be3e0 3470       3       org.objectweb.asm.ClassReader::readUnsignedShort (26 bytes)
Event: 4.843 Thread 0x000001717b5be3e0 nmethod 3470 0x00000171006eb490 code [0x00000171006eb640, 0x00000171006eb7b0]

GC Heap History (10 events):
Event: 0.451 GC heap before
{Heap before GC invocations=1 (full 0):
 PSYoungGen      total 29696K, used 25600K [0x00000000d5580000, 0x00000000d7680000, 0x0000000100000000)
  eden space 25600K, 100% used [0x00000000d5580000,0x00000000d6e80000,0x00000000d6e80000)
  from space 4096K, 0% used [0x00000000d7280000,0x00000000d7280000,0x00000000d7680000)
  to   space 4096K, 0% used [0x00000000d6e80000,0x00000000d6e80000,0x00000000d7280000)
 ParOldGen       total 68608K, used 0K [0x0000000080000000, 0x0000000084300000, 0x00000000d5580000)
  object space 68608K, 0% used [0x0000000080000000,0x0000000080000000,0x0000000084300000)
 Metaspace       used 4156K, committed 4416K, reserved 1114112K
  class space    used 453K, committed 576K, reserved 1048576K
}
Event: 0.455 GC heap after
{Heap after GC invocations=1 (full 0):
 PSYoungGen      total 29696K, used 3643K [0x00000000d5580000, 0x00000000d7680000, 0x0000000100000000)
  eden space 25600K, 0% used [0x00000000d5580000,0x00000000d5580000,0x00000000d6e80000)
  from space 4096K, 88% used [0x00000000d6e80000,0x00000000d720efe0,0x00000000d7280000)
  to   space 4096K, 0% used [0x00000000d7280000,0x00000000d7280000,0x00000000d7680000)
 ParOldGen       total 68608K, used 16K [0x0000000080000000, 0x0000000084300000, 0x00000000d5580000)
  object space 68608K, 0% used [0x0000000080000000,0x0000000080004000,0x0000000084300000)
 Metaspace       used 4156K, committed 4416K, reserved 1114112K
  class space    used 453K, committed 576K, reserved 1048576K
}
Event: 0.816 GC heap before
{Heap before GC invocations=2 (full 0):
 PSYoungGen      total 29696K, used 29243K [0x00000000d5580000, 0x00000000d7680000, 0x0000000100000000)
  eden space 25600K, 100% used [0x00000000d5580000,0x00000000d6e80000,0x00000000d6e80000)
  from space 4096K, 88% used [0x00000000d6e80000,0x00000000d720efe0,0x00000000d7280000)
  to   space 4096K, 0% used [0x00000000d7280000,0x00000000d7280000,0x00000000d7680000)
 ParOldGen       total 68608K, used 16K [0x0000000080000000, 0x0000000084300000, 0x00000000d5580000)
  object space 68608K, 0% used [0x0000000080000000,0x0000000080004000,0x0000000084300000)
 Metaspace       used 7816K, committed 8128K, reserved 1114112K
  class space    used 809K, committed 960K, reserved 1048576K
}
Event: 0.820 GC heap after
{Heap after GC invocations=2 (full 0):
 PSYoungGen      total 29696K, used 4089K [0x00000000d5580000, 0x00000000d7680000, 0x0000000100000000)
  eden space 25600K, 0% used [0x00000000d5580000,0x00000000d5580000,0x00000000d6e80000)
  from space 4096K, 99% used [0x00000000d7280000,0x00000000d767e4e8,0x00000000d7680000)
  to   space 4096K, 0% used [0x00000000d6e80000,0x00000000d6e80000,0x00000000d7280000)
 ParOldGen       total 68608K, used 1993K [0x0000000080000000, 0x0000000084300000, 0x00000000d5580000)
  object space 68608K, 2% used [0x0000000080000000,0x00000000801f26c8,0x0000000084300000)
 Metaspace       used 7816K, committed 8128K, reserved 1114112K
  class space    used 809K, committed 960K, reserved 1048576K
}
Event: 1.081 GC heap before
{Heap before GC invocations=3 (full 0):
 PSYoungGen      total 29696K, used 29689K [0x00000000d5580000, 0x00000000d7680000, 0x0000000100000000)
  eden space 25600K, 100% used [0x00000000d5580000,0x00000000d6e80000,0x00000000d6e80000)
  from space 4096K, 99% used [0x00000000d7280000,0x00000000d767e4e8,0x00000000d7680000)
  to   space 4096K, 0% used [0x00000000d6e80000,0x00000000d6e80000,0x00000000d7280000)
 ParOldGen       total 68608K, used 1993K [0x0000000080000000, 0x0000000084300000, 0x00000000d5580000)
  object space 68608K, 2% used [0x0000000080000000,0x00000000801f26c8,0x0000000084300000)
 Metaspace       used 9466K, committed 9792K, reserved 1114112K
  class space    used 1005K, committed 1152K, reserved 1048576K
}
Event: 1.085 GC heap after
{Heap after GC invocations=3 (full 0):
 PSYoungGen      total 29696K, used 4081K [0x00000000d5580000, 0x00000000d7680000, 0x0000000100000000)
  eden space 25600K, 0% used [0x00000000d5580000,0x00000000d5580000,0x00000000d6e80000)
  from space 4096K, 99% used [0x00000000d6e80000,0x00000000d727c728,0x00000000d7280000)
  to   space 4096K, 0% used [0x00000000d7280000,0x00000000d7280000,0x00000000d7680000)
 ParOldGen       total 68608K, used 4285K [0x0000000080000000, 0x0000000084300000, 0x00000000d5580000)
  object space 68608K, 6% used [0x0000000080000000,0x000000008042f5b8,0x0000000084300000)
 Metaspace       used 9466K, committed 9792K, reserved 1114112K
  class space    used 1005K, committed 1152K, reserved 1048576K
}
Event: 3.271 GC heap before
{Heap before GC invocations=4 (full 0):
 PSYoungGen      total 29696K, used 29681K [0x00000000d5580000, 0x00000000d7680000, 0x0000000100000000)
  eden space 25600K, 100% used [0x00000000d5580000,0x00000000d6e80000,0x00000000d6e80000)
  from space 4096K, 99% used [0x00000000d6e80000,0x00000000d727c728,0x00000000d7280000)
  to   space 4096K, 0% used [0x00000000d7280000,0x00000000d7280000,0x00000000d7680000)
 ParOldGen       total 68608K, used 4285K [0x0000000080000000, 0x0000000084300000, 0x00000000d5580000)
  object space 68608K, 6% used [0x0000000080000000,0x000000008042f5b8,0x0000000084300000)
 Metaspace       used 11313K, committed 11712K, reserved 1114112K
  class space    used 1183K, committed 1344K, reserved 1048576K
}
Event: 3.274 GC heap after
{Heap after GC invocations=4 (full 0):
 PSYoungGen      total 29696K, used 4081K [0x00000000d5580000, 0x00000000d7680000, 0x0000000100000000)
  eden space 25600K, 0% used [0x00000000d5580000,0x00000000d5580000,0x00000000d6e80000)
  from space 4096K, 99% used [0x00000000d7280000,0x00000000d767c5a0,0x00000000d7680000)
  to   space 4096K, 0% used [0x00000000d6e80000,0x00000000d6e80000,0x00000000d7280000)
 ParOldGen       total 68608K, used 6682K [0x0000000080000000, 0x0000000084300000, 0x00000000d5580000)
  object space 68608K, 9% used [0x0000000080000000,0x0000000080686838,0x0000000084300000)
 Metaspace       used 11313K, committed 11712K, reserved 1114112K
  class space    used 1183K, committed 1344K, reserved 1048576K
}
Event: 3.611 GC heap before
{Heap before GC invocations=5 (full 0):
 PSYoungGen      total 29696K, used 29681K [0x00000000d5580000, 0x00000000d7680000, 0x0000000100000000)
  eden space 25600K, 100% used [0x00000000d5580000,0x00000000d6e80000,0x00000000d6e80000)
  from space 4096K, 99% used [0x00000000d7280000,0x00000000d767c5a0,0x00000000d7680000)
  to   space 4096K, 0% used [0x00000000d6e80000,0x00000000d6e80000,0x00000000d7280000)
 ParOldGen       total 68608K, used 6682K [0x0000000080000000, 0x0000000084300000, 0x00000000d5580000)
  object space 68608K, 9% used [0x0000000080000000,0x0000000080686838,0x0000000084300000)
 Metaspace       used 15211K, committed 15808K, reserved 1114112K
  class space    used 1564K, committed 1792K, reserved 1048576K
}
Event: 3.614 GC heap after
{Heap after GC invocations=5 (full 0):
 PSYoungGen      total 29184K, used 4074K [0x00000000d5580000, 0x00000000d7900000, 0x0000000100000000)
  eden space 25088K, 0% used [0x00000000d5580000,0x00000000d5580000,0x00000000d6e00000)
  from space 4096K, 99% used [0x00000000d6e80000,0x00000000d727ab60,0x00000000d7280000)
  to   space 5632K, 0% used [0x00000000d7380000,0x00000000d7380000,0x00000000d7900000)
 ParOldGen       total 68608K, used 7716K [0x0000000080000000, 0x0000000084300000, 0x00000000d5580000)
  object space 68608K, 11% used [0x0000000080000000,0x00000000807891b0,0x0000000084300000)
 Metaspace       used 15211K, committed 15808K, reserved 1114112K
  class space    used 1564K, committed 1792K, reserved 1048576K
}

Dll operation events (10 events):
Event: 0.012 Loaded shared library c:\Users\thoma\.vscode\extensions\redhat.java-1.54.0-win32-x64\jre\21.0.10-win32-x86_64\bin\java.dll
Event: 0.064 Loaded shared library c:\Users\thoma\.vscode\extensions\redhat.java-1.54.0-win32-x64\jre\21.0.10-win32-x86_64\bin\zip.dll
Event: 0.079 Loaded shared library C:\Users\thoma\.vscode\extensions\redhat.java-1.54.0-win32-x64\jre\21.0.10-win32-x86_64\bin\instrument.dll
Event: 0.083 Loaded shared library C:\Users\thoma\.vscode\extensions\redhat.java-1.54.0-win32-x64\jre\21.0.10-win32-x86_64\bin\net.dll
Event: 0.086 Loaded shared library C:\Users\thoma\.vscode\extensions\redhat.java-1.54.0-win32-x64\jre\21.0.10-win32-x86_64\bin\nio.dll
Event: 0.088 Loaded shared library C:\Users\thoma\.vscode\extensions\redhat.java-1.54.0-win32-x64\jre\21.0.10-win32-x86_64\bin\zip.dll
Event: 0.098 Loaded shared library C:\Users\thoma\.vscode\extensions\redhat.java-1.54.0-win32-x64\jre\21.0.10-win32-x86_64\bin\jimage.dll
Event: 0.151 Loaded shared library c:\Users\thoma\.vscode\extensions\redhat.java-1.54.0-win32-x64\jre\21.0.10-win32-x86_64\bin\verify.dll
Event: 0.890 Loaded shared library C:\Users\thoma\AppData\Roaming\Code\User\globalStorage\redhat.java\1.54.0\config_win\org.eclipse.equinox.launcher\org.eclipse.equinox.launcher.win32.win32.x86_64_1.3.0.v20260203-2149\eclipse_11919.dll
Event: 3.748 Loaded shared library C:\Users\thoma\AppData\Local\Temp\jna-110336847\jna17121290786161526409.dll

Deoptimization events (20 events):
Event: 3.658 Thread 0x000001715b2d1ff0 Uncommon trap: trap_request=0xffffff45 fr.pc=0x0000017107ce1968 relative=0x0000000000000ce8
Event: 3.658 Thread 0x000001715b2d1ff0 Uncommon trap: reason=unstable_if action=reinterpret pc=0x0000017107ce1968 method=java.io.DataInputStream.readFully([BII)V @ 37 c2
Event: 3.658 Thread 0x000001715b2d1ff0 DEOPT PACKING pc=0x0000017107ce1968 sp=0x0000002fddcf9450
Event: 3.658 Thread 0x000001715b2d1ff0 DEOPT UNPACKING pc=0x00000171074a3aa2 sp=0x0000002fddcf9330 mode 2
Event: 3.693 Thread 0x000001715b2d1ff0 Uncommon trap: trap_request=0xffffff45 fr.pc=0x0000017107c20304 relative=0x00000000000005c4
Event: 3.693 Thread 0x000001715b2d1ff0 Uncommon trap: reason=unstable_if action=reinterpret pc=0x0000017107c20304 method=java.io.BufferedInputStream.implRead([BII)I @ 55 c2
Event: 3.693 Thread 0x000001715b2d1ff0 DEOPT PACKING pc=0x0000017107c20304 sp=0x0000002fddcf8e20
Event: 3.693 Thread 0x000001715b2d1ff0 DEOPT UNPACKING pc=0x00000171074a3aa2 sp=0x0000002fddcf8df8 mode 2
Event: 3.707 Thread 0x000001715b2d1ff0 Uncommon trap: trap_request=0xffffff45 fr.pc=0x0000017107bd7110 relative=0x0000000000000670
Event: 3.707 Thread 0x000001715b2d1ff0 Uncommon trap: reason=unstable_if action=reinterpret pc=0x0000017107bd7110 method=java.lang.String.replace(Ljava/lang/CharSequence;Ljava/lang/CharSequence;)Ljava/lang/String; @ 42 c2
Event: 3.707 Thread 0x000001715b2d1ff0 DEOPT PACKING pc=0x0000017107bd7110 sp=0x0000002fddcf7670
Event: 3.707 Thread 0x000001715b2d1ff0 DEOPT UNPACKING pc=0x00000171074a3aa2 sp=0x0000002fddcf75f0 mode 2
Event: 3.774 Thread 0x000001715b2d1ff0 Uncommon trap: trap_request=0xffffffc6 fr.pc=0x0000017107c5db34 relative=0x0000000000000b34
Event: 3.774 Thread 0x000001715b2d1ff0 Uncommon trap: reason=bimorphic_or_optimized_type_check action=maybe_recompile pc=0x0000017107c5db34 method=java.util.HashMap.putVal(ILjava/lang/Object;Ljava/lang/Object;ZZ)Ljava/lang/Object; @ 91 c2
Event: 3.774 Thread 0x000001715b2d1ff0 DEOPT PACKING pc=0x0000017107c5db34 sp=0x0000002fddcf7cb0
Event: 3.774 Thread 0x000001715b2d1ff0 DEOPT UNPACKING pc=0x00000171074a3aa2 sp=0x0000002fddcf7c40 mode 2
Event: 3.793 Thread 0x000001715b2d1ff0 Uncommon trap: trap_request=0xffffff45 fr.pc=0x0000017107cfbd24 relative=0x0000000000000084
Event: 3.793 Thread 0x000001715b2d1ff0 Uncommon trap: reason=unstable_if action=reinterpret pc=0x0000017107cfbd24 method=java.lang.ref.SoftReference.get()Ljava/lang/Object; @ 6 c2
Event: 3.793 Thread 0x000001715b2d1ff0 DEOPT PACKING pc=0x0000017107cfbd24 sp=0x0000002fddcf9570
Event: 3.793 Thread 0x000001715b2d1ff0 DEOPT UNPACKING pc=0x00000171074a3aa2 sp=0x0000002fddcf9508 mode 2

Classes loaded (20 events):
Event: 3.759 Loading class java/lang/reflect/UndeclaredThrowableException
Event: 3.759 Loading class java/lang/reflect/UndeclaredThrowableException done
Event: 3.760 Loading class java/lang/Class$AnnotationData
Event: 3.760 Loading class java/lang/Class$AnnotationData done
Event: 3.761 Loading class jdk/internal/reflect/MethodHandleIntegerFieldAccessorImpl
Event: 3.761 Loading class jdk/internal/reflect/MethodHandleIntegerFieldAccessorImpl done
Event: 3.770 Loading class java/io/PrintWriter
Event: 3.770 Loading class java/io/PrintWriter done
Event: 3.774 Loading class jdk/internal/reflect/MethodHandleShortFieldAccessorImpl
Event: 3.774 Loading class jdk/internal/reflect/MethodHandleShortFieldAccessorImpl done
Event: 3.774 Loading class java/lang/Short$ShortCache
Event: 3.774 Loading class java/lang/Short$ShortCache done
Event: 3.789 Loading class java/util/function/LongUnaryOperator
Event: 3.789 Loading class java/util/function/LongUnaryOperator done
Event: 3.789 Loading class java/lang/ThreadDeath
Event: 3.789 Loading class java/lang/ThreadDeath done
Event: 3.796 Loading class java/util/stream/SortedOps$SizedRefSortingSink
Event: 3.796 Loading class java/util/stream/SortedOps$SizedRefSortingSink done
Event: 4.825 Loading class java/util/concurrent/atomic/Striped64$1
Event: 4.825 Loading class java/util/concurrent/atomic/Striped64$1 done

Classes unloaded (0 events):
No events

Classes redefined (0 events):
No events

Internal exceptions (20 events):
Event: 3.653 Thread 0x000001715b2d1ff0 Exception <a 'java/lang/NoSuchMethodError'{0x00000000d57f76e8}: 'java.lang.Object java.lang.invoke.DirectMethodHandle$Holder.newInvokeSpecial(java.lang.Object, java.lang.Object, java.lang.Object, java.lang.Object, java.lang.Object)'> (0x00000000d57f76e8) 
thrown [s\src\hotspot\share\interpreter\linkResolver.cpp, line 773]
Event: 3.680 Thread 0x000001715b2d1ff0 Exception <a 'java/lang/NoSuchMethodError'{0x00000000d59bfc40}: 'java.lang.Object java.lang.invoke.DirectMethodHandle$Holder.invokeStaticInit(java.lang.Object, int)'> (0x00000000d59bfc40) 
thrown [s\src\hotspot\share\interpreter\linkResolver.cpp, line 773]
Event: 3.709 Thread 0x000001715b2d1ff0 Exception <a 'java/lang/NoSuchMethodError'{0x00000000d5c3e0b0}: 'java.lang.Object java.lang.invoke.DirectMethodHandle$Holder.invokeStaticInit(java.lang.Object, int, int, int, int)'> (0x00000000d5c3e0b0) 
thrown [s\src\hotspot\share\interpreter\linkResolver.cpp, line 773]
Event: 3.726 Thread 0x000001715b2d1ff0 Exception <a 'java/lang/NoSuchMethodError'{0x00000000d5d3a000}: 'java.lang.Object java.lang.invoke.DirectMethodHandle$Holder.invokeStaticInit(java.lang.Object, java.lang.Object, int, int, int, int)'> (0x00000000d5d3a000) 
thrown [s\src\hotspot\share\interpreter\linkResolver.cpp, line 773]
Event: 3.761 Thread 0x000001715b2d1ff0 Exception <a 'java/lang/NoSuchMethodError'{0x00000000d5e50df8}: 'void java.lang.invoke.DirectMethodHandle$Holder.invokeSpecial(java.lang.Object, java.lang.Object, java.lang.Object, int)'> (0x00000000d5e50df8) 
thrown [s\src\hotspot\share\interpreter\linkResolver.cpp, line 773]
Event: 3.762 Thread 0x000001715b2d1ff0 Exception <a 'java/lang/NoSuchMethodError'{0x00000000d5e54788}: 'void java.lang.invoke.DelegatingMethodHandle$Holder.reinvoke_L(java.lang.Object, java.lang.Object, int)'> (0x00000000d5e54788) 
thrown [s\src\hotspot\share\interpreter\linkResolver.cpp, line 773]
Event: 3.762 Thread 0x000001715b2d1ff0 Exception <a 'java/lang/NoSuchMethodError'{0x00000000d5e5b470}: 'int java.lang.invoke.Invokers$Holder.invokeExact_MT(java.lang.Object, java.lang.Object, java.lang.Object)'> (0x00000000d5e5b470) 
thrown [s\src\hotspot\share\interpreter\linkResolver.cpp, line 773]
Event: 3.775 Thread 0x000001715b2d1ff0 Exception <a 'java/lang/NoSuchMethodError'{0x00000000d5f77248}: 'void java.lang.invoke.Invokers$Holder.invokeExact_MT(java.lang.Object, java.lang.Object, int, java.lang.Object)'> (0x00000000d5f77248) 
thrown [s\src\hotspot\share\interpreter\linkResolver.cpp, line 773]
Event: 3.788 Thread 0x000001715b2d1ff0 Exception <a 'java/lang/NoSuchMethodError'{0x00000000d60814f8}: 'java.lang.Object java.lang.invoke.DirectMethodHandle$Holder.invokeSpecial(java.lang.Object, java.lang.Object, java.lang.Object, long, java.lang.Object)'> (0x00000000d60814f8) 
thrown [s\src\hotspot\share\interpreter\linkResolver.cpp, line 773]
Event: 3.788 Thread 0x000001715b2d1ff0 Exception <a 'java/lang/NoSuchMethodError'{0x00000000d6088d40}: 'java.lang.Object java.lang.invoke.DirectMethodHandle$Holder.newInvokeSpecial(java.lang.Object, java.lang.Object, java.lang.Object, long)'> (0x00000000d6088d40) 
thrown [s\src\hotspot\share\interpreter\linkResolver.cpp, line 773]
Event: 3.788 Thread 0x000001715b2d1ff0 Exception <a 'java/lang/NoSuchMethodError'{0x00000000d608d0f0}: 'java.lang.Object java.lang.invoke.DirectMethodHandle$Holder.invokeSpecial(java.lang.Object, java.lang.Object, java.lang.Object, java.lang.Object, long)'> (0x00000000d608d0f0) 
thrown [s\src\hotspot\share\interpreter\linkResolver.cpp, line 773]
Event: 3.788 Thread 0x000001715b2d1ff0 Exception <a 'java/lang/NoSuchMethodError'{0x00000000d6090f78}: 'java.lang.Object java.lang.invoke.Invokers$Holder.linkToTargetMethod(java.lang.Object, java.lang.Object, long, java.lang.Object)'> (0x00000000d6090f78) 
thrown [s\src\hotspot\share\interpreter\linkResolver.cpp, line 773]
Event: 3.794 Thread 0x000001715b2d1ff0 Exception <a 'java/lang/NoSuchMethodError'{0x00000000d6101d98}: 'int java.lang.invoke.DirectMethodHandle$Holder.invokeStaticInit(java.lang.Object, java.lang.Object, java.lang.Object)'> (0x00000000d6101d98) 
thrown [s\src\hotspot\share\interpreter\linkResolver.cpp, line 773]
Event: 4.813 Thread 0x000001715b2d1ff0 Exception <a 'java/lang/IncompatibleClassChangeError'{0x00000000d61bb840}: Found class java.lang.Object, but interface was expected> (0x00000000d61bb840) 
thrown [s\src\hotspot\share\interpreter\linkResolver.cpp, line 840]
Event: 4.815 Thread 0x000001715b2d1ff0 Exception <a 'java/lang/NoSuchMethodError'{0x00000000d61cbbd8}: 'java.lang.Object java.lang.invoke.DirectMethodHandle$Holder.invokeSpecial(java.lang.Object, java.lang.Object, java.lang.Object, int, java.lang.Object, java.lang.Object)'> (0x00000000d61cbbd8) 
thrown [s\src\hotspot\share\interpreter\linkResolver.cpp, line 773]
Event: 4.816 Thread 0x000001715b2d1ff0 Exception <a 'java/lang/NoSuchMethodError'{0x00000000d61d35f0}: 'java.lang.Object java.lang.invoke.DirectMethodHandle$Holder.newInvokeSpecial(java.lang.Object, java.lang.Object, java.lang.Object, int, java.lang.Object)'> (0x00000000d61d35f0) 
thrown [s\src\hotspot\share\interpreter\linkResolver.cpp, line 773]
Event: 4.816 Thread 0x000001715b2d1ff0 Exception <a 'java/lang/NoSuchMethodError'{0x00000000d61d7848}: 'java.lang.Object java.lang.invoke.DirectMethodHandle$Holder.invokeSpecial(java.lang.Object, java.lang.Object, java.lang.Object, java.lang.Object, int, java.lang.Object)'> (0x00000000d61d7848) 
thrown [s\src\hotspot\share\interpreter\linkResolver.cpp, line 773]
Event: 4.816 Thread 0x000001715b2d1ff0 Exception <a 'java/lang/NoSuchMethodError'{0x00000000d61db388}: 'java.lang.Object java.lang.invoke.Invokers$Holder.linkToTargetMethod(java.lang.Object, java.lang.Object, int, java.lang.Object, java.lang.Object)'> (0x00000000d61db388) 
thrown [s\src\hotspot\share\interpreter\linkResolver.cpp, line 773]
Event: 4.817 Thread 0x000001715b3c57a0 Exception <a 'java/lang/NoSuchMethodError'{0x00000000d60f0340}: 'java.lang.Object java.lang.invoke.DirectMethodHandle$Holder.invokeSpecial(java.lang.Object, java.lang.Object, int, java.lang.Object, java.lang.Object)'> (0x00000000d60f0340) 
thrown [s\src\hotspot\share\interpreter\linkResolver.cpp, line 773]
Event: 4.826 Thread 0x000001715b2d1ff0 Exception <a 'java/lang/NoSuchMethodError'{0x00000000d62ea628}: 'void java.lang.invoke.DirectMethodHandle$Holder.invokeSpecial(java.lang.Object, java.lang.Object, java.lang.Object, java.lang.Object, java.lang.Object)'> (0x00000000d62ea628) 
thrown [s\src\hotspot\share\interpreter\linkResolver.cpp, line 773]

ZGC Phase Switch (0 events):
No events

VM Operations (20 events):
Event: 2.272 Executing safepoint VM operation: Cleanup
Event: 2.272 Executing safepoint VM operation: Cleanup done
Event: 3.271 Executing safepoint VM operation: ParallelGCFailedAllocation (Allocation Failure)
Event: 3.274 Executing safepoint VM operation: ParallelGCFailedAllocation (Allocation Failure) done
Event: 3.283 Executing non-safepoint VM operation: HandshakeAllThreads (Deoptimize)
Event: 3.283 Executing non-safepoint VM operation: HandshakeAllThreads (Deoptimize) done
Event: 3.517 Executing safepoint VM operation: ICBufferFull
Event: 3.517 Executing safepoint VM operation: ICBufferFull done
Event: 3.611 Executing safepoint VM operation: ParallelGCFailedAllocation (Allocation Failure)
Event: 3.615 Executing safepoint VM operation: ParallelGCFailedAllocation (Allocation Failure) done
Event: 3.619 Executing non-safepoint VM operation: HandshakeAllThreads (Deoptimize)
Event: 3.619 Executing non-safepoint VM operation: HandshakeAllThreads (Deoptimize) done
Event: 3.721 Executing non-safepoint VM operation: HandshakeAllThreads (Deoptimize)
Event: 3.721 Executing non-safepoint VM operation: HandshakeAllThreads (Deoptimize) done
Event: 3.753 Executing non-safepoint VM operation: HandshakeAllThreads (Deoptimize)
Event: 3.753 Executing non-safepoint VM operation: HandshakeAllThreads (Deoptimize) done
Event: 4.761 Executing safepoint VM operation: Cleanup
Event: 4.761 Executing safepoint VM operation: Cleanup done
Event: 5.761 Executing safepoint VM operation: Cleanup
Event: 5.761 Executing safepoint VM operation: Cleanup done

Memory protections (0 events):
No events

Nmethod flushes (0 events):
No events

Events (20 events):
Event: 0.886 Thread 0x000001717b4febc0 Thread added: 0x000001715b344f80
Event: 0.906 Thread 0x000001715b344f80 Thread added: 0x000001715b2d0da0
Event: 0.907 Thread 0x000001717b4febc0 Thread added: 0x000001715b2d1ff0
Event: 0.939 Thread 0x000001717b5bc8a0 Thread exited: 0x000001717b5bc8a0
Event: 1.158 Thread 0x000001715b2d1ff0 Thread added: 0x000001715b7cca70
Event: 1.398 Thread 0x000001717b5bc1d0 Thread exited: 0x000001717b5bc1d0
Event: 1.506 Thread 0x000001717b5bbb00 Thread exited: 0x000001717b5bbb00
Event: 1.506 Thread 0x000001717b5bad60 Thread exited: 0x000001717b5bad60
Event: 2.566 Thread 0x000001717b5bb430 Thread exited: 0x000001717b5bb430
Event: 3.277 Thread 0x000001715b2d1ff0 Thread added: 0x000001715bac4a00
Event: 3.319 Thread 0x000001717b5be3e0 Thread added: 0x000001717b5bad60
Event: 3.319 Thread 0x000001717b5be3e0 Thread added: 0x000001717b5bc1d0
Event: 3.321 Thread 0x000001717b5bc1d0 Thread added: 0x000001717b5bb430
Event: 3.321 Thread 0x000001717b5bc1d0 Thread added: 0x000001717b5bc8a0
Event: 3.479 Thread 0x000001715b2d1ff0 Thread added: 0x000001715bc2e700
Event: 3.768 Thread 0x000001715b2d1ff0 Thread added: 0x000001715b3c71e0
Event: 3.791 Thread 0x000001715b2d1ff0 Thread added: 0x000001715b3c57a0
Event: 4.816 Thread 0x000001717b5bb430 Thread exited: 0x000001717b5bb430
Event: 4.816 Thread 0x000001717b5bc8a0 Thread exited: 0x000001717b5bc8a0
Event: 4.817 Thread 0x000001715b2d1ff0 Thread added: 0x000001715b3c5110


Dynamic libraries:
0x00007ff78b140000 - 0x00007ff78b14e000 	c:\Users\thoma\.vscode\extensions\redhat.java-1.54.0-win32-x64\jre\21.0.10-win32-x86_64\bin\java.exe
0x00007ff9e4540000 - 0x00007ff9e47a7000 	C:\WINDOWS\SYSTEM32\ntdll.dll
0x00007ff9e34e0000 - 0x00007ff9e35a9000 	C:\WINDOWS\System32\KERNEL32.DLL
0x00007ff9e0e10000 - 0x00007ff9e1204000 	C:\WINDOWS\System32\KERNELBASE.dll
0x00007ff9e1f50000 - 0x00007ff9e209b000 	C:\WINDOWS\System32\ucrtbase.dll
0x00007ff9c5c80000 - 0x00007ff9c5c9e000 	c:\Users\thoma\.vscode\extensions\redhat.java-1.54.0-win32-x64\jre\21.0.10-win32-x86_64\bin\VCRUNTIME140.dll
0x00007ff9c7760000 - 0x00007ff9c7778000 	c:\Users\thoma\.vscode\extensions\redhat.java-1.54.0-win32-x64\jre\21.0.10-win32-x86_64\bin\jli.dll
0x00007ff9e40d0000 - 0x00007ff9e4295000 	C:\WINDOWS\System32\USER32.dll
0x00007ff9e1210000 - 0x00007ff9e1237000 	C:\WINDOWS\System32\win32u.dll
0x00007ff9e33a0000 - 0x00007ff9e33cb000 	C:\WINDOWS\System32\GDI32.dll
0x00007ff9bead0000 - 0x00007ff9bed63000 	C:\WINDOWS\WinSxS\amd64_microsoft.windows.common-controls_6595b64144ccf1df_6.0.26100.8115_none_3e075c82e3354f9c\COMCTL32.dll
0x00007ff9e1e20000 - 0x00007ff9e1f4b000 	C:\WINDOWS\System32\gdi32full.dll
0x00007ff9e1240000 - 0x00007ff9e12e3000 	C:\WINDOWS\System32\msvcp_win.dll
0x00007ff9e3fa0000 - 0x00007ff9e4049000 	C:\WINDOWS\System32\msvcrt.dll
0x00007ff9e4050000 - 0x00007ff9e4082000 	C:\WINDOWS\System32\IMM32.DLL
0x00007ff9db9c0000 - 0x00007ff9db9cc000 	c:\Users\thoma\.vscode\extensions\redhat.java-1.54.0-win32-x64\jre\21.0.10-win32-x86_64\bin\vcruntime140_1.dll
0x00007ff9a97a0000 - 0x00007ff9a982d000 	c:\Users\thoma\.vscode\extensions\redhat.java-1.54.0-win32-x64\jre\21.0.10-win32-x86_64\bin\msvcp140.dll
0x00007ff8d2d70000 - 0x00007ff8d3b11000 	c:\Users\thoma\.vscode\extensions\redhat.java-1.54.0-win32-x64\jre\21.0.10-win32-x86_64\bin\server\jvm.dll
0x00007ff9e26b0000 - 0x00007ff9e2766000 	C:\WINDOWS\System32\ADVAPI32.dll
0x00007ff9e2d90000 - 0x00007ff9e2e37000 	C:\WINDOWS\System32\sechost.dll
0x00007ff9e3e80000 - 0x00007ff9e3f98000 	C:\WINDOWS\System32\RPCRT4.dll
0x00007ff9e3110000 - 0x00007ff9e3190000 	C:\WINDOWS\System32\WS2_32.dll
0x00007ff9d4220000 - 0x00007ff9d4256000 	C:\WINDOWS\SYSTEM32\WINMM.dll
0x00007ff9e0ac0000 - 0x00007ff9e0b1e000 	C:\WINDOWS\SYSTEM32\POWRPROF.dll
0x00007ff9d91e0000 - 0x00007ff9d91eb000 	C:\WINDOWS\SYSTEM32\VERSION.dll
0x00007ff9e0aa0000 - 0x00007ff9e0ab4000 	C:\WINDOWS\SYSTEM32\UMPDC.dll
0x00007ff9dfba0000 - 0x00007ff9dfbbb000 	C:\WINDOWS\SYSTEM32\kernel.appcore.dll
0x00007ff9d8fb0000 - 0x00007ff9d8fba000 	c:\Users\thoma\.vscode\extensions\redhat.java-1.54.0-win32-x64\jre\21.0.10-win32-x86_64\bin\jimage.dll
0x00007ff9dee10000 - 0x00007ff9df052000 	C:\WINDOWS\SYSTEM32\DBGHELP.DLL
0x00007ff9e2320000 - 0x00007ff9e26a2000 	C:\WINDOWS\System32\combase.dll
0x00007ff9e3200000 - 0x00007ff9e32d8000 	C:\WINDOWS\System32\OLEAUT32.dll
0x00007ff9cc230000 - 0x00007ff9cc26b000 	C:\WINDOWS\SYSTEM32\dbgcore.DLL
0x00007ff9e12f0000 - 0x00007ff9e1395000 	C:\WINDOWS\System32\bcryptPrimitives.dll
0x00007ff9d4960000 - 0x00007ff9d496f000 	c:\Users\thoma\.vscode\extensions\redhat.java-1.54.0-win32-x64\jre\21.0.10-win32-x86_64\bin\instrument.dll
0x00007ff9c5140000 - 0x00007ff9c5160000 	c:\Users\thoma\.vscode\extensions\redhat.java-1.54.0-win32-x64\jre\21.0.10-win32-x86_64\bin\java.dll
0x00007ff9e3710000 - 0x00007ff9e3e77000 	C:\WINDOWS\System32\SHELL32.dll
0x00007ff9e20a0000 - 0x00007ff9e220a000 	C:\WINDOWS\System32\wintypes.dll
0x00007ff9e1430000 - 0x00007ff9e1c98000 	C:\WINDOWS\System32\windows.storage.dll
0x00007ff9e33e0000 - 0x00007ff9e34d8000 	C:\WINDOWS\System32\SHCORE.dll
0x00007ff9e30a0000 - 0x00007ff9e3106000 	C:\WINDOWS\System32\shlwapi.dll
0x00007ff9e0d30000 - 0x00007ff9e0d59000 	C:\WINDOWS\SYSTEM32\profapi.dll
0x00007ff9c5010000 - 0x00007ff9c5028000 	c:\Users\thoma\.vscode\extensions\redhat.java-1.54.0-win32-x64\jre\21.0.10-win32-x86_64\bin\zip.dll
0x00007ff9ccad0000 - 0x00007ff9ccae0000 	C:\Users\thoma\.vscode\extensions\redhat.java-1.54.0-win32-x64\jre\21.0.10-win32-x86_64\bin\net.dll
0x00007ff9db6e0000 - 0x00007ff9db80d000 	C:\WINDOWS\SYSTEM32\WINHTTP.dll
0x00007ff9e0110000 - 0x00007ff9e017c000 	C:\WINDOWS\system32\mswsock.dll
0x00007ff9c95f0000 - 0x00007ff9c9606000 	C:\Users\thoma\.vscode\extensions\redhat.java-1.54.0-win32-x64\jre\21.0.10-win32-x86_64\bin\nio.dll
0x00007ff9cc820000 - 0x00007ff9cc830000 	c:\Users\thoma\.vscode\extensions\redhat.java-1.54.0-win32-x64\jre\21.0.10-win32-x86_64\bin\verify.dll
0x00007ff9b7aa0000 - 0x00007ff9b7ae5000 	C:\Users\thoma\AppData\Roaming\Code\User\globalStorage\redhat.java\1.54.0\config_win\org.eclipse.equinox.launcher\org.eclipse.equinox.launcher.win32.win32.x86_64_1.3.0.v20260203-2149\eclipse_11919.dll
0x00007ff9e2f00000 - 0x00007ff9e3097000 	C:\WINDOWS\System32\ole32.dll
0x00007ff9e0400000 - 0x00007ff9e041b000 	C:\WINDOWS\SYSTEM32\CRYPTSP.dll
0x00007ff9dfb00000 - 0x00007ff9dfb39000 	C:\WINDOWS\system32\rsaenh.dll
0x00007ff9e01c0000 - 0x00007ff9e01f3000 	C:\WINDOWS\SYSTEM32\USERENV.dll
0x00007ff9e0d00000 - 0x00007ff9e0d2a000 	C:\WINDOWS\SYSTEM32\bcrypt.dll
0x00007ff9e03f0000 - 0x00007ff9e03fc000 	C:\WINDOWS\SYSTEM32\CRYPTBASE.dll
0x00007ff9df5d0000 - 0x00007ff9df602000 	C:\WINDOWS\SYSTEM32\IPHLPAPI.DLL
0x00007ff9e3370000 - 0x00007ff9e337a000 	C:\WINDOWS\System32\NSI.dll
0x00007ff9a7160000 - 0x00007ff9a71a9000 	C:\Users\thoma\AppData\Local\Temp\jna-110336847\jna17121290786161526409.dll
0x00007ff9e2d80000 - 0x00007ff9e2d88000 	C:\WINDOWS\System32\PSAPI.DLL

JVMTI agents:
c:\Users\thoma\.vscode\extensions\redhat.java-1.54.0-win32-x64\lombok\lombok-1.18.39-4050.jar path:c:\Users\thoma\.vscode\extensions\redhat.java-1.54.0-win32-x64\jre\21.0.10-win32-x86_64\bin\instrument.dll, loaded, initialized, instrumentlib options:none

dbghelp: loaded successfully - version: 4.0.5 - missing functions: none
symbol engine: initialized successfully - sym options: 0x614 - pdb path: .;c:\Users\thoma\.vscode\extensions\redhat.java-1.54.0-win32-x64\jre\21.0.10-win32-x86_64\bin;C:\WINDOWS\SYSTEM32;C:\WINDOWS\WinSxS\amd64_microsoft.windows.common-controls_6595b64144ccf1df_6.0.26100.8115_none_3e075c82e3354f9c;c:\Users\thoma\.vscode\extensions\redhat.java-1.54.0-win32-x64\jre\21.0.10-win32-x86_64\bin\server;C:\Users\thoma\AppData\Roaming\Code\User\globalStorage\redhat.java\1.54.0\config_win\org.eclipse.equinox.launcher\org.eclipse.equinox.launcher.win32.win32.x86_64_1.3.0.v20260203-2149;C:\Users\thoma\AppData\Local\Temp\jna-110336847

VM Arguments:
jvm_args: --add-modules=ALL-SYSTEM --add-opens=java.base/java.util=ALL-UNNAMED --add-opens=java.base/java.lang=ALL-UNNAMED --add-opens=java.base/sun.nio.fs=ALL-UNNAMED -Declipse.application=org.eclipse.jdt.ls.core.id1 -Dosgi.bundles.defaultStartLevel=4 -Declipse.product=org.eclipse.jdt.ls.core.product -Djava.import.generatesMetadataFilesAtProjectRoot=false -DDetectVMInstallationsJob.disabled=true -Dfile.encoding=utf8 -XX:+UseParallelGC -XX:GCTimeRatio=4 -XX:AdaptiveSizePolicyWeight=90 -Dsun.zip.disableMemoryMapping=true -Xmx2G -Xms100m -Xlog:disable -javaagent:c:\Users\thoma\.vscode\extensions\redhat.java-1.54.0-win32-x64\lombok\lombok-1.18.39-4050.jar -XX:+HeapDumpOnOutOfMemoryError -XX:HeapDumpPath=c:\Users\thoma\AppData\Roaming\Code\User\workspaceStorage\15b89bb5f5f21af3b8bd2fdc59b2e550\redhat.java -Daether.dependencyCollector.impl=bf 
java_command: c:\Users\thoma\.vscode\extensions\redhat.java-1.54.0-win32-x64\server\plugins\org.eclipse.equinox.launcher_1.7.100.v20251111-0406.jar -configuration c:\Users\thoma\AppData\Roaming\Code\User\globalStorage\redhat.java\1.54.0\config_win -data c:\Users\thoma\AppData\Roaming\Code\User\workspaceStorage\15b89bb5f5f21af3b8bd2fdc59b2e550\redhat.java\jdt_ws --pipe=\\.\pipe\lsp-c47baf2f372ad6493adb72699cd18c87-sock
java_class_path (initial): c:\Users\thoma\.vscode\extensions\redhat.java-1.54.0-win32-x64\server\plugins\org.eclipse.equinox.launcher_1.7.100.v20251111-0406.jar
Launcher Type: SUN_STANDARD

[Global flags]
    uintx AdaptiveSizePolicyWeight                 = 90                                        {product} {command line}
     intx CICompilerCount                          = 12                                        {product} {ergonomic}
    uintx GCTimeRatio                              = 4                                         {product} {command line}
     bool HeapDumpOnOutOfMemoryError               = true                                   {manageable} {command line}
    ccstr HeapDumpPath                             = c:\Users\thoma\AppData\Roaming\Code\User\workspaceStorage\15b89bb5f5f21af3b8bd2fdc59b2e550\redhat.java         {manageable} {command line}
   size_t InitialHeapSize                          = 104857600                                 {product} {command line}
   size_t MaxHeapSize                              = 2147483648                                {product} {command line}
   size_t MaxNewSize                               = 715653120                                 {product} {ergonomic}
   size_t MinHeapDeltaBytes                        = 524288                                    {product} {ergonomic}
   size_t MinHeapSize                              = 104857600                                 {product} {command line}
   size_t NewSize                                  = 34603008                                  {product} {ergonomic}
    uintx NonNMethodCodeHeapSize                   = 7602480                                {pd product} {ergonomic}
    uintx NonProfiledCodeHeapSize                  = 122027880                              {pd product} {ergonomic}
   size_t OldSize                                  = 70254592                                  {product} {ergonomic}
    uintx ProfiledCodeHeapSize                     = 122027880                              {pd product} {ergonomic}
    uintx ReservedCodeCacheSize                    = 251658240                              {pd product} {ergonomic}
     bool SegmentedCodeCache                       = true                                      {product} {ergonomic}
   size_t SoftMaxHeapSize                          = 2147483648                             {manageable} {ergonomic}
     bool UseCompressedOops                        = true                           {product lp64_product} {ergonomic}
     bool UseLargePagesIndividualAllocation        = false                                  {pd product} {ergonomic}
     bool UseParallelGC                            = true                                      {product} {command line}

Logging:
Log output configuration:
 #0: stdout all=off uptime,level,tags foldmultilines=false
 #1: stderr all=off uptime,level,tags foldmultilines=false

Release file:
JAVA_VERSION="21.0.10" 
MODULES="java.base java.compiler java.datatransfer java.xml java.prefs java.desktop java.instrument java.logging java.management java.security.sasl java.naming java.rmi java.management.rmi java.net.http java.scripting java.security.jgss java.transaction.xa java.sql java.sql.rowset java.xml.crypto java.se java.smartcardio jdk.accessibility jdk.internal.jvmstat jdk.attach jdk.charsets jdk.internal.opt jdk.zipfs jdk.compiler jdk.crypto.ec jdk.crypto.cryptoki jdk.crypto.mscapi jdk.dynalink jdk.internal.ed jdk.editpad jdk.hotspot.agent jdk.httpserver jdk.internal.le jdk.internal.vm.ci jdk.internal.vm.compiler jdk.internal.vm.compiler.management jdk.jartool jdk.javadoc jdk.jcmd jdk.management jdk.management.agent jdk.jconsole jdk.jdeps jdk.jdwp.agent jdk.jdi jdk.jfr jdk.jshell jdk.jsobject jdk.jstatd jdk.localedata jdk.management.jfr jdk.naming.dns jdk.naming.rmi jdk.net jdk.nio.mapmode jdk.random jdk.sctp jdk.security.auth jdk.security.jgss jdk.unsupported jdk.unsupported.desktop jdk.xml.dom" 

Environment Variables:
PATH=C:\Users\thoma\AppData\Local\Programs\Microsoft VS Code;C:\Windows\system32;C:\Windows;C:\Windows\System32\Wbem;C:\Windows\System32\WindowsPowerShell\v1.0\;C:\Windows\System32\OpenSSH\;C:\Program Files (x86)\NVIDIA Corporation\PhysX\Common;C:\Program Files\NVIDIA Corporation\NVIDIA NvDLISR;C:\WINDOWS\system32;C:\WINDOWS;C:\WINDOWS\System32\Wbem;C:\WINDOWS\System32\WindowsPowerShell\v1.0\;C:\WINDOWS\System32\OpenSSH\;C:\Program Files\Docker\Docker\resources\bin;C:\Program Files\Git\cmd;C:\Program Files\nodejs\;C:\Users\thoma\AppData\Local\Programs\Eclipse Adoptium\jdk-25.0.2.10-hotspot\bin;C:\Users\thoma\AppData\Local\Programs\Python\Python312\Scripts\;C:\Users\thoma\AppData\Local\Programs\Python\Python312\;C:\Users\thoma\AppData\Local\Programs\Python\Launcher\;C:\Users\thoma\AppData\Local\Microsoft\WindowsApps;C:\Users\thoma\AppData\Local\Programs\Microsoft VS Code\bin;C:\Users\thoma\AppData\Roaming\npm;C:\Users\thoma\AppData\Local\Python\bin
USERNAME=thoma
OS=Windows_NT
PROCESSOR_IDENTIFIER=Intel64 Family 6 Model 186 Stepping 2, GenuineIntel
TMP=C:\Users\thoma\AppData\Local\Temp
TEMP=C:\Users\thoma\AppData\Local\Temp




Periodic native trim disabled

---------------  S Y S T E M  ---------------

OS:
 Windows 11 , 64 bit Build 26100 (10.0.26100.8246)
OS uptime: 4 days 2:02 hours
Hyper-V role detected

CPU: total 20 (initial active 20) (10 cores per cpu, 2 threads per core) family 6 model 186 stepping 2 microcode 0x4122, cx8, cmov, fxsr, ht, mmx, 3dnowpref, sse, sse2, sse3, ssse3, sse4.1, sse4.2, popcnt, lzcnt, tsc, tscinvbit, avx, avx2, aes, erms, clmul, bmi1, bmi2, adx, sha, fma, vzeroupper, clflush, clflushopt, clwb, hv, serialize, rdtscp, rdpid, fsrm, f16c, cet_ibt, cet_ss
Processor Information for processor 0
  Max Mhz: 2600, Current Mhz: 2600, Mhz Limit: 2600
Processor Information for processor 1
  Max Mhz: 2600, Current Mhz: 2600, Mhz Limit: 2600
Processor Information for processor 2
  Max Mhz: 2600, Current Mhz: 2600, Mhz Limit: 2600
Processor Information for processor 3
  Max Mhz: 2600, Current Mhz: 2600, Mhz Limit: 2600
Processor Information for processor 4
  Max Mhz: 2600, Current Mhz: 2600, Mhz Limit: 2600
Processor Information for processor 5
  Max Mhz: 2600, Current Mhz: 2600, Mhz Limit: 2600
Processor Information for processor 6
  Max Mhz: 2600, Current Mhz: 2600, Mhz Limit: 2600
Processor Information for processor 7
  Max Mhz: 2600, Current Mhz: 2600, Mhz Limit: 2600
Processor Information for processor 8
  Max Mhz: 2600, Current Mhz: 2600, Mhz Limit: 2600
Processor Information for processor 9
  Max Mhz: 2600, Current Mhz: 2600, Mhz Limit: 2600
Processor Information for processor 10
  Max Mhz: 2600, Current Mhz: 2600, Mhz Limit: 2600
Processor Information for processor 11
  Max Mhz: 2600, Current Mhz: 2600, Mhz Limit: 2600
Processor Information for processor 12
  Max Mhz: 2600, Current Mhz: 1900, Mhz Limit: 1898
Processor Information for processor 13
  Max Mhz: 2600, Current Mhz: 1900, Mhz Limit: 1898
Processor Information for processor 14
  Max Mhz: 2600, Current Mhz: 1900, Mhz Limit: 1898
Processor Information for processor 15
  Max Mhz: 2600, Current Mhz: 1900, Mhz Limit: 1898
Processor Information for processor 16
  Max Mhz: 2600, Current Mhz: 1900, Mhz Limit: 1898
Processor Information for processor 17
  Max Mhz: 2600, Current Mhz: 1900, Mhz Limit: 1898
Processor Information for processor 18
  Max Mhz: 2600, Current Mhz: 1900, Mhz Limit: 1898
Processor Information for processor 19
  Max Mhz: 2600, Current Mhz: 1900, Mhz Limit: 1898

Memory: 4k page, system-wide physical 16013M (1587M free)
TotalPageFile size 22157M (AvailPageFile size 8M)
current process WorkingSet (physical memory assigned to process): 134M, peak: 137M
current process commit charge ("private bytes"): 296M, peak: 300M

vm_info: OpenJDK 64-Bit Server VM (21.0.10+7-LTS) for windows-amd64 JRE (21.0.10+7-LTS), built on 2026-01-20T00:00:00Z by "admin" with MS VC++ 17.12 (VS2022)

END.
